2025-08-07 17:26:23,629 - werkzeug - WARNING -  * Debugger is active!
2025-08-07 17:26:23,633 - werkzeug - INFO -  * Debugger PIN: 254-083-667
2025-08-07 17:26:26,244 - werkzeug - INFO -  * Detected change in 'D:\\FreeLance\\Study-Buddy\\backend\\routes\\file_processing.py', reloading
2025-08-07 17:26:26,266 - werkzeug - INFO -  * Detected change in 'D:\\FreeLance\\Study-Buddy\\backend\\routes\\file_processing.py', reloading
2025-08-07 17:26:30,667 - werkzeug - WARNING -  * Debugger is active!
2025-08-07 17:26:30,670 - werkzeug - INFO -  * Debugger PIN: 254-083-667
2025-08-07 17:26:36,432 - werkzeug - INFO -  * Detected change in 'D:\\FreeLance\\Study-Buddy\\backend\\routes\\file_processing.py', reloading
2025-08-07 17:26:36,433 - werkzeug - INFO -  * Detected change in 'D:\\FreeLance\\Study-Buddy\\backend\\routes\\file_processing.py', reloading
2025-08-07 17:26:40,276 - werkzeug - WARNING -  * Debugger is active!
2025-08-07 17:26:40,279 - werkzeug - INFO -  * Debugger PIN: 254-083-667
2025-08-07 17:26:46,855 - werkzeug - INFO -  * Detected change in 'D:\\FreeLance\\Study-Buddy\\backend\\routes\\file_processing.py', reloading
2025-08-07 17:26:46,876 - werkzeug - INFO -  * Detected change in 'D:\\FreeLance\\Study-Buddy\\backend\\routes\\file_processing.py', reloading
2025-08-07 17:26:51,060 - werkzeug - WARNING -  * Debugger is active!
2025-08-07 17:26:51,064 - werkzeug - INFO -  * Debugger PIN: 254-083-667
2025-08-07 17:26:55,332 - werkzeug - INFO -  * Detected change in 'C:\\Users\\akash.gunasekar\\AppData\\Local\\Programs\\Python\\Python313\\Lib\\site-packages\\google\\generativeai\\client.py', reloading
2025-08-07 17:26:55,370 - werkzeug - INFO -  * Detected change in 'C:\\Users\\akash.gunasekar\\AppData\\Local\\Programs\\Python\\Python313\\Lib\\site-packages\\google\\generativeai\\__init__.py', reloading
2025-08-07 17:26:55,435 - werkzeug - INFO -  * Detected change in 'C:\\Users\\akash.gunasekar\\AppData\\Local\\Programs\\Python\\Python313\\Lib\\site-packages\\google\\generativeai\\generative_models.py', reloading
2025-08-07 17:26:55,486 - werkzeug - INFO -  * Detected change in 'C:\\Users\\akash.gunasekar\\AppData\\Local\\Programs\\Python\\Python313\\Lib\\site-packages\\google\\generativeai\\types\\discuss_types.py', reloading
2025-08-07 17:26:55,491 - werkzeug - INFO -  * Detected change in 'C:\\Users\\akash.gunasekar\\AppData\\Local\\Programs\\Python\\Python313\\Lib\\site-packages\\google\\generativeai\\types\\__init__.py', reloading
2025-08-07 17:26:55,496 - werkzeug - INFO -  * Detected change in 'C:\\Users\\akash.gunasekar\\AppData\\Local\\Programs\\Python\\Python313\\Lib\\site-packages\\google\\generativeai\\types\\model_types.py', reloading
2025-08-07 17:26:55,515 - werkzeug - INFO -  * Detected change in 'C:\\Users\\akash.gunasekar\\AppData\\Local\\Programs\\Python\\Python313\\Lib\\site-packages\\google\\generativeai\\types\\text_types.py', reloading
2025-08-07 17:26:55,520 - werkzeug - INFO -  * Detected change in 'C:\\Users\\akash.gunasekar\\AppData\\Local\\Programs\\Python\\Python313\\Lib\\site-packages\\google\\generativeai\\types\\citation_types.py', reloading
2025-08-07 17:26:55,523 - werkzeug - INFO -  * Detected change in 'C:\\Users\\akash.gunasekar\\AppData\\Local\\Programs\\Python\\Python313\\Lib\\site-packages\\google\\generativeai\\types\\content_types.py', reloading
2025-08-07 17:26:55,552 - werkzeug - INFO -  * Detected change in 'C:\\Users\\akash.gunasekar\\AppData\\Local\\Programs\\Python\\Python313\\Lib\\site-packages\\google\\generativeai\\types\\generation_types.py', reloading
2025-08-07 17:26:55,598 - werkzeug - INFO -  * Detected change in 'C:\\Users\\akash.gunasekar\\AppData\\Local\\Programs\\Python\\Python313\\Lib\\site-packages\\google\\generativeai\\types\\safety_types.py', reloading
2025-08-07 17:26:55,661 - werkzeug - INFO -  * Detected change in 'C:\\Users\\akash.gunasekar\\AppData\\Local\\Programs\\Python\\Python313\\Lib\\site-packages\\google\\auth\\credentials.py', reloading
2025-08-07 17:26:59,812 - werkzeug - WARNING -  * Debugger is active!
2025-08-07 17:26:59,818 - werkzeug - INFO -  * Debugger PIN: 254-083-667
2025-08-07 17:30:22,664 - werkzeug - INFO - 127.0.0.1 - - [07/Aug/2025 17:30:22] "OPTIONS /api/new-session HTTP/1.1" 200 -
2025-08-07 17:30:22,671 - werkzeug - INFO - 127.0.0.1 - - [07/Aug/2025 17:30:22] "OPTIONS /api/new-session HTTP/1.1" 200 -
2025-08-07 17:30:22,906 - werkzeug - INFO - 127.0.0.1 - - [07/Aug/2025 17:30:22] "POST /api/new-session HTTP/1.1" 200 -
2025-08-07 17:30:22,989 - werkzeug - INFO - 127.0.0.1 - - [07/Aug/2025 17:30:22] "POST /api/new-session HTTP/1.1" 200 -
2025-08-07 17:39:50,081 - werkzeug - INFO -  * Detected change in 'C:\\Users\\akash.gunasekar\\AppData\\Local\\Programs\\Python\\Python313\\Lib\\site-packages\\werkzeug\\exceptions.py', reloading
2025-08-07 17:39:50,090 - werkzeug - INFO -  * Detected change in 'C:\\Users\\akash.gunasekar\\AppData\\Local\\Programs\\Python\\Python313\\Lib\\site-packages\\flask\\json\\provider.py', reloading
2025-08-07 17:39:50,093 - werkzeug - INFO -  * Detected change in 'C:\\Users\\akash.gunasekar\\AppData\\Local\\Programs\\Python\\Python313\\Lib\\site-packages\\werkzeug\\routing\\__init__.py', reloading
2025-08-07 17:39:50,098 - werkzeug - INFO -  * Detected change in 'C:\\Users\\akash.gunasekar\\AppData\\Local\\Programs\\Python\\Python313\\Lib\\site-packages\\werkzeug\\routing\\map.py', reloading
2025-08-07 17:39:50,115 - werkzeug - INFO -  * Detected change in 'C:\\Users\\akash.gunasekar\\AppData\\Local\\Programs\\Python\\Python313\\Lib\\site-packages\\werkzeug\\routing\\rules.py', reloading
2025-08-07 17:39:50,137 - werkzeug - INFO -  * Detected change in 'C:\\Users\\akash.gunasekar\\AppData\\Local\\Programs\\Python\\Python313\\Lib\\site-packages\\werkzeug\\routing\\converters.py', reloading
