2025-08-07 17:39:54,355 - werkzeug - WARNING -  * Debugger is active!
2025-08-07 17:39:54,359 - werkzeug - INFO -  * Debugger PIN: 254-083-667
2025-08-07 17:40:06,420 - werkzeug - INFO - 127.0.0.1 - - [07/Aug/2025 17:40:06] "OPTIONS /api/new-session HTTP/1.1" 200 -
2025-08-07 17:40:06,424 - werkzeug - INFO - 127.0.0.1 - - [07/Aug/2025 17:40:06] "OPTIONS /api/new-session HTTP/1.1" 200 -
2025-08-07 17:40:06,662 - werkzeug - INFO - 127.0.0.1 - - [07/Aug/2025 17:40:06] "POST /api/new-session HTTP/1.1" 200 -
2025-08-07 17:40:06,742 - werkzeug - INFO - 127.0.0.1 - - [07/Aug/2025 17:40:06] "POST /api/new-session HTTP/1.1" 200 -
2025-08-07 17:40:10,371 - werkzeug - INFO - 127.0.0.1 - - [07/Aug/2025 17:40:10] "OPTIONS /api/chat HTTP/1.1" 200 -
2025-08-07 17:40:14,166 - werkzeug - INFO - 127.0.0.1 - - [07/Aug/2025 17:40:14] "POST /api/chat HTTP/1.1" 200 -
2025-08-07 17:46:28,876 - werkzeug - INFO -  * Detected change in 'D:\\FreeLance\\Study-Buddy\\backend\\app.py', reloading
2025-08-07 17:46:28,898 - werkzeug - INFO -  * Detected change in 'D:\\FreeLance\\Study-Buddy\\backend\\app.py', reloading
2025-08-07 17:46:36,155 - __main__ - INFO - [OK] Directory ensured: D:\FreeLance\Study-Buddy\backend\uploads
2025-08-07 17:46:36,157 - __main__ - INFO - [OK] Directory ensured: D:\FreeLance\Study-Buddy\backend\logs
2025-08-07 17:46:36,158 - __main__ - INFO - [OK] Directory ensured: D:\FreeLance\Study-Buddy\backend\temp
2025-08-07 17:46:36,164 - __main__ - INFO - [OK] Chat blueprint registered successfully at /api
2025-08-07 17:46:36,168 - __main__ - INFO - [OK] Health blueprint registered successfully at /api
2025-08-07 17:46:36,171 - __main__ - INFO - [OK] File Processing blueprint registered successfully at /api/files
2025-08-07 17:46:36,174 - __main__ - INFO - [OK] Nexus AI application created successfully
2025-08-07 17:46:36,237 - werkzeug - WARNING -  * Debugger is active!
2025-08-07 17:46:36,248 - werkzeug - INFO -  * Debugger PIN: 254-083-667
2025-08-07 17:46:36,295 - werkzeug - INFO - 127.0.0.1 - - [07/Aug/2025 17:46:36] "POST /api/new-session HTTP/1.1" 200 -
2025-08-07 17:46:36,302 - werkzeug - INFO - 127.0.0.1 - - [07/Aug/2025 17:46:36] "POST /api/new-session HTTP/1.1" 200 -
2025-08-07 18:23:06,448 - werkzeug - INFO -  * Detected change in 'D:\\FreeLance\\Study-Buddy\\backend\\routes\\file_processing.py', reloading
2025-08-07 18:23:06,450 - werkzeug - INFO -  * Detected change in 'D:\\FreeLance\\Study-Buddy\\backend\\app.py', reloading
2025-08-07 18:23:06,451 - werkzeug - INFO -  * Detected change in 'D:\\FreeLance\\Study-Buddy\\backend\\routes\\file_processing.py', reloading
2025-08-07 18:23:06,452 - werkzeug - INFO -  * Detected change in 'D:\\FreeLance\\Study-Buddy\\backend\\app.py', reloading
2025-08-07 18:23:10,070 - __main__ - INFO - [OK] Directory ensured: D:\FreeLance\Study-Buddy\backend\uploads
2025-08-07 18:23:10,070 - __main__ - INFO - [OK] Directory ensured: D:\FreeLance\Study-Buddy\backend\logs
2025-08-07 18:23:10,071 - __main__ - INFO - [OK] Directory ensured: D:\FreeLance\Study-Buddy\backend\temp
2025-08-07 18:23:10,072 - __main__ - INFO - [OK] Chat blueprint registered successfully at /api
2025-08-07 18:23:10,072 - __main__ - INFO - [OK] Health blueprint registered successfully at /api
2025-08-07 18:23:10,073 - __main__ - INFO - [OK] File Processing blueprint registered successfully at /api/files
2025-08-07 18:23:10,074 - __main__ - INFO - [OK] Nexus AI application created successfully
2025-08-07 18:23:10,086 - werkzeug - WARNING -  * Debugger is active!
2025-08-07 18:23:10,089 - werkzeug - INFO -  * Debugger PIN: 254-083-667
2025-08-07 18:55:28,253 - werkzeug - INFO -  * Detected change in 'D:\\FreeLance\\Study-Buddy\\backend\\routes\\file_processing.py', reloading
2025-08-07 18:55:28,254 - werkzeug - INFO -  * Detected change in 'D:\\FreeLance\\Study-Buddy\\backend\\routes\\file_processing.py', reloading
2025-08-07 18:55:28,258 - werkzeug - INFO -  * Detected change in 'D:\\FreeLance\\Study-Buddy\\backend\\routes\\file_processing.py', reloading
2025-08-07 18:55:31,258 - __main__ - INFO - [OK] Directory ensured: D:\FreeLance\Study-Buddy\backend\uploads
2025-08-07 18:55:31,259 - __main__ - INFO - [OK] Directory ensured: D:\FreeLance\Study-Buddy\backend\logs
2025-08-07 18:55:31,259 - __main__ - INFO - [OK] Directory ensured: D:\FreeLance\Study-Buddy\backend\temp
2025-08-07 18:55:31,261 - __main__ - INFO - [OK] Chat blueprint registered successfully at /api
2025-08-07 18:55:31,261 - __main__ - INFO - [OK] Health blueprint registered successfully at /api
2025-08-07 18:55:31,262 - __main__ - INFO - [OK] File Processing blueprint registered successfully at /api/files
2025-08-07 18:55:31,264 - __main__ - INFO - [OK] Nexus AI application created successfully
2025-08-07 18:55:31,288 - werkzeug - WARNING -  * Debugger is active!
2025-08-07 18:55:31,292 - werkzeug - INFO -  * Debugger PIN: 254-083-667
2025-08-07 18:55:44,319 - werkzeug - INFO -  * Detected change in 'D:\\FreeLance\\Study-Buddy\\backend\\app.py', reloading
2025-08-07 18:55:44,320 - werkzeug - INFO -  * Detected change in 'D:\\FreeLance\\Study-Buddy\\backend\\app.py', reloading
